app/build/intermediates/manifest_merge_blame_file/debug/manifest-merger-blame-debug-report.txt
1<?xml version="1.0" encoding="utf-8"?>
2<manifest xmlns:android="http://schemas.android.com/apk/res/android"
3    package="com.example.kim.vitals"
4    android:versionCode="1"
5    android:versionName="1.0" >
6
7    <uses-sdk
8        android:minSdkVersion="19"
8-->src\main\AndroidManifest.xml
9        android:targetSdkVersion="30" />
9-->src\main\AndroidManifest.xml
10
11    <supports-screens android:requiresSmallestWidthDp="600" />
11-->src\main\AndroidManifest.xml:4:5-62
11-->src\main\AndroidManifest.xml:4:23-60
12
13    <application
13-->src\main\AndroidManifest.xml:5:5-72:19
14        android:allowBackup="true"
14-->src\main\AndroidManifest.xml:6:9-35
15        android:appComponentFactory="androidx.core.app.CoreComponentFactory"
15-->[androidx.core:core:1.3.1] AndroidManifest.xml:24:18-86
16        android:debuggable="true"
17        android:icon="@drawable/ic_launcher"
17-->src\main\AndroidManifest.xml:7:9-45
18        android:label="@string/app_name"
18-->src\main\AndroidManifest.xml:8:9-41
19        android:theme="@style/AppTheme" >
19-->src\main\AndroidManifest.xml:9:9-40
20        <activity
20-->src\main\AndroidManifest.xml:10:9-18:20
21            android:name="com.example.kim.vitals.MainActivity"
21-->src\main\AndroidManifest.xml:11:13-63
22            android:label="@string/app_name" >
22-->src\main\AndroidManifest.xml:12:13-45
23            <intent-filter>
23-->src\main\AndroidManifest.xml:13:13-17:29
24                <action android:name="android.intent.action.MAIN" />
24-->src\main\AndroidManifest.xml:14:17-69
24-->src\main\AndroidManifest.xml:14:25-66
25
26                <category android:name="android.intent.category.LAUNCHER" />
26-->src\main\AndroidManifest.xml:16:17-77
26-->src\main\AndroidManifest.xml:16:27-74
27            </intent-filter>
28        </activity>
29        <activity
29-->src\main\AndroidManifest.xml:19:9-22:20
30            android:name="com.example.kim.vitals.Temperature"
30-->src\main\AndroidManifest.xml:20:13-62
31            android:label="@string/title_activity_temperature" >
31-->src\main\AndroidManifest.xml:21:13-63
32        </activity>
33        <activity
33-->src\main\AndroidManifest.xml:23:9-26:20
34            android:name="com.example.kim.vitals.addTemp"
34-->src\main\AndroidManifest.xml:24:13-58
35            android:label="@string/title_activity_add_temp" >
35-->src\main\AndroidManifest.xml:25:13-60
36        </activity>
37
38        <provider
38-->src\main\AndroidManifest.xml:28:9-30:73
39            android:name="com.example.kim.vitals.KimzProvider"
39-->src\main\AndroidManifest.xml:29:13-63
40            android:authorities="com.example.kim.vitals.provider.VTS" />
40-->src\main\AndroidManifest.xml:30:13-70
41
42        <activity
42-->src\main\AndroidManifest.xml:32:9-35:20
43            android:name="com.example.kim.vitals.viewTemp"
43-->src\main\AndroidManifest.xml:33:13-59
44            android:label="@string/title_activity_view_temp" >
44-->src\main\AndroidManifest.xml:34:13-61
45        </activity>
46        <activity
46-->src\main\AndroidManifest.xml:36:9-39:20
47            android:name="com.example.kim.vitals.hrate"
47-->src\main\AndroidManifest.xml:37:13-56
48            android:label="@string/title_activity_hrate" >
48-->src\main\AndroidManifest.xml:38:13-57
49        </activity>
50        <activity
50-->src\main\AndroidManifest.xml:40:9-43:20
51            android:name="com.example.kim.vitals.addRate"
51-->src\main\AndroidManifest.xml:41:13-58
52            android:label="@string/title_activity_add_rate" >
52-->src\main\AndroidManifest.xml:42:13-60
53        </activity>
54        <activity
54-->src\main\AndroidManifest.xml:44:9-47:20
55            android:name="com.example.kim.vitals.viewRate"
55-->src\main\AndroidManifest.xml:45:13-59
56            android:label="@string/title_activity_view_rate" >
56-->src\main\AndroidManifest.xml:46:13-61
57        </activity>
58        <activity
58-->src\main\AndroidManifest.xml:48:9-51:20
59            android:name="com.example.kim.vitals.oxygen"
59-->src\main\AndroidManifest.xml:49:13-57
60            android:label="@string/title_activity_oxygen" >
60-->src\main\AndroidManifest.xml:50:13-58
61        </activity>
62        <activity
62-->src\main\AndroidManifest.xml:52:9-55:20
63            android:name="com.example.kim.vitals.addOxygen"
63-->src\main\AndroidManifest.xml:53:13-60
64            android:label="@string/title_activity_add_oxygen" >
64-->src\main\AndroidManifest.xml:54:13-62
65        </activity>
66        <activity
66-->src\main\AndroidManifest.xml:56:9-59:20
67            android:name="com.example.kim.vitals.viewOxygen"
67-->src\main\AndroidManifest.xml:57:13-61
68            android:label="@string/title_activity_view_oxygen" >
68-->src\main\AndroidManifest.xml:58:13-63
69        </activity>
70        <activity
70-->src\main\AndroidManifest.xml:60:9-63:20
71            android:name="com.example.kim.vitals.pressure"
71-->src\main\AndroidManifest.xml:61:13-59
72            android:label="@string/title_activity_pressure" >
72-->src\main\AndroidManifest.xml:62:13-60
73        </activity>
74        <activity
74-->src\main\AndroidManifest.xml:64:9-67:20
75            android:name="com.example.kim.vitals.addPressure"
75-->src\main\AndroidManifest.xml:65:13-62
76            android:label="@string/title_activity_add_pressure" >
76-->src\main\AndroidManifest.xml:66:13-64
77        </activity>
78        <activity
78-->src\main\AndroidManifest.xml:68:9-71:20
79            android:name="com.example.kim.vitals.viewPressure"
79-->src\main\AndroidManifest.xml:69:13-63
80            android:label="@string/title_activity_view_pressure" >
80-->src\main\AndroidManifest.xml:70:13-65
81        </activity>
82    </application>
83
84</manifest>